[+] Containers:
 |- [+] Container: /Game/ThirdPerson/Maps/ThirdPersonMap
 |   |- [+] ActorDescs:
 |   |   |- Guid:0EA3FEEF4F151DB577C0A4969CFC271F BaseClass: NativeClass:/Script/Landscape.Landscape Name:Landscape_UAID_E4A8DFCF0912DEE901_1803712279 Label:Landscape SpatiallyLoaded:0 Bounds:IsValid=true, Min=(X=-12400.000 Y=-12400.000 Z=100.000), Max=(X=-12400.000 Y=-12400.000 Z=100.000) RuntimeGrid:None EditorOnly:0 RuntimeOnly:0 HLODRelevant:0
 |   |   |- Guid:129C7B094A5035FC16B88DAE561FB62F BaseClass: NativeClass:/Script/Landscape.LandscapeStreamingProxy Name:LandscapeStreamingProxy_3M0H08D8DEWQ2U186C0E8JGUD_62_5_2_0 Label:LandscapeStreamingProxy_5_2_0 SpatiallyLoaded:1 Bounds:IsValid=true, Min=(X=18600.000 Y=0.000 Z=100.000), Max=(X=18600.000 Y=0.000 Z=100.000) RuntimeGrid:None EditorOnly:0 RuntimeOnly:0 HLODRelevant:0
 |   |   |- Guid:1D58A7E143E15270210AD9B7891696A1 BaseClass: NativeClass:/Script/Landscape.LandscapeStreamingProxy Name:LandscapeStreamingProxy_3M0H08D8DEWQ2U186C0E8JGUD_62_-1_1_0 Label:LandscapeStreamingProxy_-1_1_0 SpatiallyLoaded:1 Bounds:IsValid=true, Min=(X=-15500.000 Y=-6200.000 Z=-1460.938), Max=(X=-12400.000 Y=0.000 Z=259.375) RuntimeGrid:None EditorOnly:0 RuntimeOnly:0 HLODRelevant:1
 |   |   |- Guid:272A7D164E02F893ABDE3ABF6CC32088 BaseClass: NativeClass:/Script/Landscape.LandscapeStreamingProxy Name:LandscapeStreamingProxy_3M0H08D8DEWQ2U186C0E8JGUD_62_4_0_0 Label:LandscapeStreamingProxy_4_0_0 SpatiallyLoaded:1 Bounds:IsValid=true, Min=(X=12400.000 Y=-9300.000 Z=-1582.812), Max=(X=15500.000 Y=-6200.000 Z=-250.781) RuntimeGrid:None EditorOnly:0 RuntimeOnly:0 HLODRelevant:1
 |   |   |- Guid:2953149844B2680C6F2CF8B464C5E4B6 BaseClass: NativeClass:/Script/Landscape.LandscapeStreamingProxy Name:LandscapeStreamingProxy_3M0H08D8DEWQ2U186C0E8JGUD_62_0_1_0 Label:LandscapeStreamingProxy_0_1_0 SpatiallyLoaded:1 Bounds:IsValid=true, Min=(X=-12400.000 Y=-6200.000 Z=-717.188), Max=(X=-6200.000 Y=0.000 Z=2316.406) RuntimeGrid:None EditorOnly:0 RuntimeOnly:0 HLODRelevant:1
 |   |   |- Guid:2FB58999456391D349DC0F86DAC136ED BaseClass: NativeClass:/Script/Engine.SkyLight Name:SkyLight_1 Label:SkyLight SpatiallyLoaded:0 Bounds:IsValid=true, Min=(X=0.000 Y=0.000 Z=690.000), Max=(X=0.000 Y=0.000 Z=690.000) RuntimeGrid:None EditorOnly:0 RuntimeOnly:0 HLODRelevant:0 FolderPath:Lighting FolderGuid:963EC3EB4002CCE9759E2EBA541A873A
 |   |   |- Guid:316CF2A6494ACA4C0E4180A87D36AB8F BaseClass: NativeClass:/Script/Engine.ExponentialHeightFog Name:ExponentialHeightFog_0 Label:ExponentialHeightFog SpatiallyLoaded:0 Bounds:IsValid=true, Min=(X=-5600.000 Y=-50.000 Z=-6850.000), Max=(X=-5600.000 Y=-50.000 Z=-6850.000) RuntimeGrid:None EditorOnly:0 RuntimeOnly:0 HLODRelevant:0 FolderPath:Lighting FolderGuid:963EC3EB4002CCE9759E2EBA541A873A
 |   |   |- Guid:332EB7C34A17F6AE1F51CEB2B9D0D4B7 BaseClass: NativeClass:/Script/Landscape.LandscapeStreamingProxy Name:LandscapeStreamingProxy_3M0H08D8DEWQ2U186C0E8JGUD_62_1_2_0 Label:LandscapeStreamingProxy_1_2_0 SpatiallyLoaded:1 Bounds:IsValid=true, Min=(X=-6200.000 Y=0.000 Z=1092.188), Max=(X=0.000 Y=6200.000 Z=6674.219) RuntimeGrid:None EditorOnly:0 RuntimeOnly:0 HLODRelevant:1
 |   |   |- Guid:3A00AA1C422CE54C0BDB60BAF471BFBB BaseClass: NativeClass:/Script/Engine.PlayerStart Name:PlayerStart_0 Label:PlayerStart SpatiallyLoaded:0 Bounds:IsValid=true, Min=(X=-2180.000 Y=1070.000 Z=7470.013), Max=(X=-2100.000 Y=1150.000 Z=7654.013) RuntimeGrid:None EditorOnly:0 RuntimeOnly:0 HLODRelevant:0
 |   |   |- Guid:3A46500943EDEDF0B968D78EAB2A93FF BaseClass: NativeClass:/Script/Landscape.LandscapeStreamingProxy Name:LandscapeStreamingProxy_3M0H08D8DEWQ2U186C0E8JGUD_62_3_2_0 Label:LandscapeStreamingProxy_3_2_0 SpatiallyLoaded:1 Bounds:IsValid=true, Min=(X=6200.000 Y=0.000 Z=-661.719), Max=(X=12400.000 Y=6200.000 Z=670.312) RuntimeGrid:None EditorOnly:0 RuntimeOnly:0 HLODRelevant:1
 |   |   |- Guid:4AE8C88B411E115562126FBF05301BFF BaseClass: NativeClass:/Script/Landscape.LandscapeStreamingProxy Name:LandscapeStreamingProxy_3M0H08D8DEWQ2U186C0E8JGUD_62_3_-1_0 Label:LandscapeStreamingProxy_3_-1_0 SpatiallyLoaded:1 Bounds:IsValid=true, Min=(X=6200.000 Y=-15500.000 Z=-1699.219), Max=(X=9300.000 Y=-12400.000 Z=-628.125) RuntimeGrid:None EditorOnly:0 RuntimeOnly:0 HLODRelevant:1
 |   |   |- Guid:4D3BE93F4146AAAC8BBE79999D96D57F BaseClass: NativeClass:/Script/Engine.VolumetricCloud Name:VolumetricCloud_0 Label:VolumetricCloud SpatiallyLoaded:0 Bounds:IsValid=true, Min=(X=0.000 Y=0.000 Z=820.000), Max=(X=0.000 Y=0.000 Z=820.000) RuntimeGrid:None EditorOnly:0 RuntimeOnly:0 HLODRelevant:0 FolderPath:Lighting FolderGuid:963EC3EB4002CCE9759E2EBA541A873A
 |   |   |- Guid:4D60B64B434193B197540E84610FB4B1 BaseClass: NativeClass:/Script/Landscape.LandscapeStreamingProxy Name:LandscapeStreamingProxy_3M0H08D8DEWQ2U186C0E8JGUD_62_2_3_0 Label:LandscapeStreamingProxy_2_3_0 SpatiallyLoaded:1 Bounds:IsValid=true, Min=(X=0.000 Y=6200.000 Z=-642.969), Max=(X=6200.000 Y=12400.000 Z=2011.719) RuntimeGrid:None EditorOnly:0 RuntimeOnly:0 HLODRelevant:1
 |   |   |- Guid:4DC1A86447AE6C0DE813A084BFD9FD81 BaseClass: NativeClass:/Script/Landscape.LandscapeStreamingProxy Name:LandscapeStreamingProxy_3M0H08D8DEWQ2U186C0E8JGUD_62_2_4_0 Label:LandscapeStreamingProxy_2_4_0 SpatiallyLoaded:1 Bounds:IsValid=true, Min=(X=0.000 Y=12400.000 Z=-1514.062), Max=(X=6200.000 Y=15500.000 Z=-147.656) RuntimeGrid:None EditorOnly:0 RuntimeOnly:0 HLODRelevant:1
 |   |   |- Guid:4FD5058E49FBFA2E4DAA61A5359F7F8D BaseClass: NativeClass:/Script/Landscape.LandscapeStreamingProxy Name:LandscapeStreamingProxy_3M0H08D8DEWQ2U186C0E8JGUD_62_2_-1_0 Label:LandscapeStreamingProxy_2_-1_0 SpatiallyLoaded:1 Bounds:IsValid=true, Min=(X=0.000 Y=-15500.000 Z=-1437.500), Max=(X=6200.000 Y=-12400.000 Z=-69.531) RuntimeGrid:None EditorOnly:0 RuntimeOnly:0 HLODRelevant:1
 |   |   |- Guid:5194355B4BBD360BCC58F78E96ACE6CB BaseClass: NativeClass:/Script/Landscape.LandscapeStreamingProxy Name:LandscapeStreamingProxy_3M0H08D8DEWQ2U186C0E8JGUD_62_4_2_0 Label:LandscapeStreamingProxy_4_2_0 SpatiallyLoaded:1 Bounds:IsValid=true, Min=(X=12400.000 Y=0.000 Z=-912.500), Max=(X=15500.000 Y=6200.000 Z=-17.969) RuntimeGrid:None EditorOnly:0 RuntimeOnly:0 HLODRelevant:1
 |   |   |- Guid:570132A04108480E6DA25DB857D7C038 BaseClass: NativeClass:/Script/Landscape.LandscapeStreamingProxy Name:LandscapeStreamingProxy_3M0H08D8DEWQ2U186C0E8JGUD_62_0_4_0 Label:LandscapeStreamingProxy_0_4_0 SpatiallyLoaded:1 Bounds:IsValid=true, Min=(X=-9300.000 Y=12400.000 Z=-2189.062), Max=(X=-6200.000 Y=15500.000 Z=-77.344) RuntimeGrid:None EditorOnly:0 RuntimeOnly:0 HLODRelevant:1
 |   |   |- Guid:6BAF4DDD444C60371492D3919DB42C97 BaseClass: NativeClass:/Script/Engine.WorldDataLayers Name:WorldDataLayers Label:WorldDataLayers SpatiallyLoaded:0 Bounds:IsValid=true, Min=(X=0.000 Y=0.000 Z=0.000), Max=(X=0.000 Y=0.000 Z=0.000) RuntimeGrid:None EditorOnly:0 RuntimeOnly:0 HLODRelevant:0
 |   |   |- Guid:7139F5814B65E348D97865B861243FB9 BaseClass: NativeClass:/Script/Landscape.LandscapeStreamingProxy Name:LandscapeStreamingProxy_3M0H08D8DEWQ2U186C0E8JGUD_62_0_3_0 Label:LandscapeStreamingProxy_0_3_0 SpatiallyLoaded:1 Bounds:IsValid=true, Min=(X=-12400.000 Y=6200.000 Z=-1316.406), Max=(X=-6200.000 Y=12400.000 Z=1092.188) RuntimeGrid:None EditorOnly:0 RuntimeOnly:0 HLODRelevant:1
 |   |   |- Guid:71B5412647BDDBCAE1214B819CE487A1 BaseClass: NativeClass:/Script/Landscape.LandscapeStreamingProxy Name:LandscapeStreamingProxy_3M0H08D8DEWQ2U186C0E8JGUD_62_3_0_0 Label:LandscapeStreamingProxy_3_0_0 SpatiallyLoaded:1 Bounds:IsValid=true, Min=(X=6200.000 Y=-12400.000 Z=-1357.031), Max=(X=12400.000 Y=-6200.000 Z=104.688) RuntimeGrid:None EditorOnly:0 RuntimeOnly:0 HLODRelevant:1
 |   |   |- Guid:7210CEDA4320C34CCC077FA477BEDF65 BaseClass: NativeClass:/Script/Landscape.LandscapeStreamingProxy Name:LandscapeStreamingProxy_3M0H08D8DEWQ2U186C0E8JGUD_62_1_0_0 Label:LandscapeStreamingProxy_1_0_0 SpatiallyLoaded:1 Bounds:IsValid=true, Min=(X=-6200.000 Y=-12400.000 Z=-625.781), Max=(X=0.000 Y=-6200.000 Z=910.938) RuntimeGrid:None EditorOnly:0 RuntimeOnly:0 HLODRelevant:1
 |   |   |- Guid:846F4DFB472DDFC10FF1D788A9804755 BaseClass: NativeClass:/Script/Landscape.LandscapeStreamingProxy Name:LandscapeStreamingProxy_3M0H08D8DEWQ2U186C0E8JGUD_62_2_1_0 Label:LandscapeStreamingProxy_2_1_0 SpatiallyLoaded:1 Bounds:IsValid=true, Min=(X=0.000 Y=-6200.000 Z=100.000), Max=(X=6200.000 Y=0.000 Z=4177.344) RuntimeGrid:None EditorOnly:0 RuntimeOnly:0 HLODRelevant:1
 |   |   |- Guid:98C030054D25F9EBA81340A2B0334B23 BaseClass: NativeClass:/Script/Landscape.LandscapeStreamingProxy Name:LandscapeStreamingProxy_3M0H08D8DEWQ2U186C0E8JGUD_62_-1_0_0 Label:LandscapeStreamingProxy_-1_0_0 SpatiallyLoaded:1 Bounds:IsValid=true, Min=(X=-15500.000 Y=-9300.000 Z=-2194.531), Max=(X=-12400.000 Y=-6200.000 Z=-505.469) RuntimeGrid:None EditorOnly:0 RuntimeOnly:0 HLODRelevant:1
 |   |   |- Guid:9DCF25114F929E88DB9C069DAB57CEC0 BaseClass: NativeClass:/Script/Landscape.LandscapeStreamingProxy Name:LandscapeStreamingProxy_3M0H08D8DEWQ2U186C0E8JGUD_62_4_1_0 Label:LandscapeStreamingProxy_4_1_0 SpatiallyLoaded:1 Bounds:IsValid=true, Min=(X=12400.000 Y=-6200.000 Z=-1228.125), Max=(X=15500.000 Y=0.000 Z=-53.906) RuntimeGrid:None EditorOnly:0 RuntimeOnly:0 HLODRelevant:1
 |   |   |- Guid:A7161B4D48F977498F266CB7F6E7EF16 BaseClass: NativeClass:/Script/Landscape.LandscapeStreamingProxy Name:LandscapeStreamingProxy_3M0H08D8DEWQ2U186C0E8JGUD_62_0_2_0 Label:LandscapeStreamingProxy_0_2_0 SpatiallyLoaded:1 Bounds:IsValid=true, Min=(X=-12400.000 Y=0.000 Z=-337.500), Max=(X=-6200.000 Y=6200.000 Z=2504.688) RuntimeGrid:None EditorOnly:0 RuntimeOnly:0 HLODRelevant:1
 |   |   |- Guid:A895439240AEC4329BDA5190675A8716 BaseClass: NativeClass:/Script/Landscape.LandscapeStreamingProxy Name:LandscapeStreamingProxy_3M0H08D8DEWQ2U186C0E8JGUD_62_1_3_0 Label:LandscapeStreamingProxy_1_3_0 SpatiallyLoaded:1 Bounds:IsValid=true, Min=(X=-6200.000 Y=6200.000 Z=-508.594), Max=(X=0.000 Y=12400.000 Z=3082.812) RuntimeGrid:None EditorOnly:0 RuntimeOnly:0 HLODRelevant:1
 |   |   |- Guid:B63644954F5792AE1DACF284BD77A96C BaseClass: NativeClass:/Script/Landscape.LandscapeStreamingProxy Name:LandscapeStreamingProxy_3M0H08D8DEWQ2U186C0E8JGUD_62_3_1_0 Label:LandscapeStreamingProxy_3_1_0 SpatiallyLoaded:1 Bounds:IsValid=true, Min=(X=6200.000 Y=-6200.000 Z=-610.156), Max=(X=12400.000 Y=0.000 Z=626.562) RuntimeGrid:None EditorOnly:0 RuntimeOnly:0 HLODRelevant:1
 |   |   |- Guid:B785ED2844B84CFB91E7F39FE661CD99 BaseClass: NativeClass:/Script/Engine.DirectionalLight Name:DirectionalLight_0 Label:DirectionalLight SpatiallyLoaded:0 Bounds:IsValid=true, Min=(X=-1048576.000 Y=-1048576.000 Z=-1048576.000), Max=(X=1048576.000 Y=1048576.000 Z=1048576.000) RuntimeGrid:None EditorOnly:0 RuntimeOnly:0 HLODRelevant:0 FolderPath:Lighting FolderGuid:963EC3EB4002CCE9759E2EBA541A873A
 |   |   |- Guid:BA98BCAC437AA62284A05BB8E367F084 BaseClass: NativeClass:/Script/Landscape.LandscapeStreamingProxy Name:LandscapeStreamingProxy_3M0H08D8DEWQ2U186C0E8JGUD_62_-1_2_0 Label:LandscapeStreamingProxy_-1_2_0 SpatiallyLoaded:1 Bounds:IsValid=true, Min=(X=-15500.000 Y=0.000 Z=-1263.281), Max=(X=-12400.000 Y=6200.000 Z=39.062) RuntimeGrid:None EditorOnly:0 RuntimeOnly:0 HLODRelevant:1
 |   |   |- Guid:BC57685043341FAFD221D58C86CF12D3 BaseClass: NativeClass:/Script/Landscape.LandscapeStreamingProxy Name:LandscapeStreamingProxy_3M0H08D8DEWQ2U186C0E8JGUD_62_2_0_0 Label:LandscapeStreamingProxy_2_0_0 SpatiallyLoaded:1 Bounds:IsValid=true, Min=(X=0.000 Y=-12400.000 Z=-628.125), Max=(X=6200.000 Y=-6200.000 Z=1183.594) RuntimeGrid:None EditorOnly:0 RuntimeOnly:0 HLODRelevant:1
 |   |   |- Guid:C6308B3447A25C2D4747989D2762FFA4 BaseClass: NativeClass:/Script/Landscape.LandscapeStreamingProxy Name:LandscapeStreamingProxy_3M0H08D8DEWQ2U186C0E8JGUD_62_-1_3_0 Label:LandscapeStreamingProxy_-1_3_0 SpatiallyLoaded:1 Bounds:IsValid=true, Min=(X=-15500.000 Y=6200.000 Z=-1855.469), Max=(X=-12400.000 Y=9300.000 Z=-292.188) RuntimeGrid:None EditorOnly:0 RuntimeOnly:0 HLODRelevant:1
 |   |   |- Guid:C7382CC645BDEA0FF6E533989DCE5962 BaseClass: NativeClass:/Script/Landscape.LandscapeStreamingProxy Name:LandscapeStreamingProxy_3M0H08D8DEWQ2U186C0E8JGUD_62_2_2_0 Label:LandscapeStreamingProxy_2_2_0 SpatiallyLoaded:1 Bounds:IsValid=true, Min=(X=0.000 Y=0.000 Z=281.250), Max=(X=6200.000 Y=6200.000 Z=6953.125) RuntimeGrid:None EditorOnly:0 RuntimeOnly:0 HLODRelevant:1
 |   |   |- Guid:CCFF262C46EEFFDF319E7F9539CE697E BaseClass: NativeClass:/Script/Engine.SkyAtmosphere Name:SkyAtmosphere_0 Label:SkyAtmosphere SpatiallyLoaded:0 Bounds:IsValid=true, Min=(X=0.000 Y=0.000 Z=1020.000), Max=(X=0.000 Y=0.000 Z=1020.000) RuntimeGrid:None EditorOnly:0 RuntimeOnly:0 HLODRelevant:0 FolderPath:Lighting FolderGuid:963EC3EB4002CCE9759E2EBA541A873A
 |   |   |- Guid:CDF81B3F4EEE3B955BCF249846634812 BaseClass: NativeClass:/Script/Landscape.LandscapeStreamingProxy Name:LandscapeStreamingProxy_3M0H08D8DEWQ2U186C0E8JGUD_62_1_-1_0 Label:LandscapeStreamingProxy_1_-1_0 SpatiallyLoaded:1 Bounds:IsValid=true, Min=(X=-6200.000 Y=-15500.000 Z=-1547.656), Max=(X=0.000 Y=-12400.000 Z=-96.875) RuntimeGrid:None EditorOnly:0 RuntimeOnly:0 HLODRelevant:1
 |   |   |- Guid:D0CCA6394794E56BBF575ABA32EBC5EF BaseClass: NativeClass:/Script/Landscape.LandscapeStreamingProxy Name:LandscapeStreamingProxy_3M0H08D8DEWQ2U186C0E8JGUD_62_1_4_0 Label:LandscapeStreamingProxy_1_4_0 SpatiallyLoaded:1 Bounds:IsValid=true, Min=(X=-6200.000 Y=12400.000 Z=-1712.500), Max=(X=0.000 Y=15500.000 Z=55.469) RuntimeGrid:None EditorOnly:0 RuntimeOnly:0 HLODRelevant:1
 |   |   |- Guid:D6CC413C4F180EC74F21ABBD8B4A7C86 BaseClass: NativeClass:/Script/Landscape.LandscapeStreamingProxy Name:LandscapeStreamingProxy_3M0H08D8DEWQ2U186C0E8JGUD_62_0_0_0 Label:LandscapeStreamingProxy_0_0_0 SpatiallyLoaded:1 Bounds:IsValid=true, Min=(X=-12400.000 Y=-12400.000 Z=-898.438), Max=(X=-6200.000 Y=-6200.000 Z=239.062) RuntimeGrid:None EditorOnly:0 RuntimeOnly:0 HLODRelevant:1
 |   |   |- Guid:E0DF25764BC5AF559C70F3AFEE66B318 BaseClass: NativeClass:/Script/Landscape.LandscapeStreamingProxy Name:LandscapeStreamingProxy_3M0H08D8DEWQ2U186C0E8JGUD_62_1_1_0 Label:LandscapeStreamingProxy_1_1_0 SpatiallyLoaded:1 Bounds:IsValid=true, Min=(X=-6200.000 Y=-6200.000 Z=239.062), Max=(X=0.000 Y=0.000 Z=6035.938) RuntimeGrid:None EditorOnly:0 RuntimeOnly:0 HLODRelevant:1
 |   |   |- Guid:E12E7B5C4004486816C8D4BD0082BCD4 BaseClass: NativeClass:/Script/Landscape.LandscapeStreamingProxy Name:LandscapeStreamingProxy_3M0H08D8DEWQ2U186C0E8JGUD_62_4_3_0 Label:LandscapeStreamingProxy_4_3_0 SpatiallyLoaded:1 Bounds:IsValid=true, Min=(X=12400.000 Y=6200.000 Z=-813.281), Max=(X=15500.000 Y=9300.000 Z=-302.344) RuntimeGrid:None EditorOnly:0 RuntimeOnly:0 HLODRelevant:1
 |   |   |- Guid:E575F52F45A3C91073947FBB0187D6FC BaseClass: NativeClass:/Script/Landscape.LandscapeStreamingProxy Name:LandscapeStreamingProxy_3M0H08D8DEWQ2U186C0E8JGUD_62_3_3_0 Label:LandscapeStreamingProxy_3_3_0 SpatiallyLoaded:1 Bounds:IsValid=true, Min=(X=6200.000 Y=6200.000 Z=-1339.062), Max=(X=12400.000 Y=12400.000 Z=281.250) RuntimeGrid:None EditorOnly:0 RuntimeOnly:0 HLODRelevant:1
 |   |   |- Guid:EC4E0C944CE6AC6E784BC6BB2916EA13 BaseClass: NativeClass:/Script/Engine.StaticMeshActor Name:StaticMeshActor_UAID_A4AE111137DC5EFB00_1110535423 Label:SM_SkySphere SpatiallyLoaded:0 Bounds:IsValid=true, Min=(X=-1638400.000 Y=-1638400.000 Z=-1638400.000), Max=(X=1638400.000 Y=1638400.000 Z=1638400.000) RuntimeGrid:None EditorOnly:0 RuntimeOnly:0 HLODRelevant:1 FolderPath:Lighting FolderGuid:963EC3EB4002CCE9759E2EBA541A873A
 |   |   |- Guid:F541722E42D5A3FBFBFBB5A68A0B3E2A BaseClass: NativeClass:/Script/Landscape.LandscapeStreamingProxy Name:LandscapeStreamingProxy_3M0H08D8DEWQ2U186C0E8JGUD_62_3_4_0 Label:LandscapeStreamingProxy_3_4_0 SpatiallyLoaded:1 Bounds:IsValid=true, Min=(X=6200.000 Y=12400.000 Z=-2239.844), Max=(X=9300.000 Y=15500.000 Z=-594.531) RuntimeGrid:None EditorOnly:0 RuntimeOnly:0 HLODRelevant:1
 |   |   |- Guid:F5E3FEB3450C49844FD93DA8E083C8AD BaseClass: NativeClass:/Script/Engine.PostProcessVolume Name:PostProcessVolume_0 Label:PostProcessVolume SpatiallyLoaded:0 Bounds:IsValid=true, Min=(X=0.000 Y=0.000 Z=400.000), Max=(X=200.000 Y=200.000 Z=600.000) RuntimeGrid:None EditorOnly:0 RuntimeOnly:0 HLODRelevant:0 FolderPath:Lighting FolderGuid:963EC3EB4002CCE9759E2EBA541A873A
 |   |- [+] Clusters:
 |   |   |- [+] [  0]
 |   |   |   |- Guid:6BAF4DDD444C60371492D3919DB42C97 BaseClass: NativeClass:/Script/Engine.WorldDataLayers Name:WorldDataLayers Label:WorldDataLayers SpatiallyLoaded:0 Bounds:IsValid=true, Min=(X=0.000 Y=0.000 Z=0.000), Max=(X=0.000 Y=0.000 Z=0.000) RuntimeGrid:None EditorOnly:0 RuntimeOnly:0 HLODRelevant:0
 |   |   |- [+] [  1]
 |   |   |   |- Guid:F5E3FEB3450C49844FD93DA8E083C8AD BaseClass: NativeClass:/Script/Engine.PostProcessVolume Name:PostProcessVolume_0 Label:PostProcessVolume SpatiallyLoaded:0 Bounds:IsValid=true, Min=(X=0.000 Y=0.000 Z=400.000), Max=(X=200.000 Y=200.000 Z=600.000) RuntimeGrid:None EditorOnly:0 RuntimeOnly:0 HLODRelevant:0 FolderPath:Lighting FolderGuid:963EC3EB4002CCE9759E2EBA541A873A
 |   |   |- [+] [  2]
 |   |   |   |- Guid:4D3BE93F4146AAAC8BBE79999D96D57F BaseClass: NativeClass:/Script/Engine.VolumetricCloud Name:VolumetricCloud_0 Label:VolumetricCloud SpatiallyLoaded:0 Bounds:IsValid=true, Min=(X=0.000 Y=0.000 Z=820.000), Max=(X=0.000 Y=0.000 Z=820.000) RuntimeGrid:None EditorOnly:0 RuntimeOnly:0 HLODRelevant:0 FolderPath:Lighting FolderGuid:963EC3EB4002CCE9759E2EBA541A873A
 |   |   |- [+] [  3]
 |   |   |   |- Guid:CCFF262C46EEFFDF319E7F9539CE697E BaseClass: NativeClass:/Script/Engine.SkyAtmosphere Name:SkyAtmosphere_0 Label:SkyAtmosphere SpatiallyLoaded:0 Bounds:IsValid=true, Min=(X=0.000 Y=0.000 Z=1020.000), Max=(X=0.000 Y=0.000 Z=1020.000) RuntimeGrid:None EditorOnly:0 RuntimeOnly:0 HLODRelevant:0 FolderPath:Lighting FolderGuid:963EC3EB4002CCE9759E2EBA541A873A
 |   |   |- [+] [  4]
 |   |   |   |- Guid:EC4E0C944CE6AC6E784BC6BB2916EA13 BaseClass: NativeClass:/Script/Engine.StaticMeshActor Name:StaticMeshActor_UAID_A4AE111137DC5EFB00_1110535423 Label:SM_SkySphere SpatiallyLoaded:0 Bounds:IsValid=true, Min=(X=-1638400.000 Y=-1638400.000 Z=-1638400.000), Max=(X=1638400.000 Y=1638400.000 Z=1638400.000) RuntimeGrid:None EditorOnly:0 RuntimeOnly:0 HLODRelevant:1 FolderPath:Lighting FolderGuid:963EC3EB4002CCE9759E2EBA541A873A
 |   |   |- [+] [  5]
 |   |   |   |- Guid:B785ED2844B84CFB91E7F39FE661CD99 BaseClass: NativeClass:/Script/Engine.DirectionalLight Name:DirectionalLight_0 Label:DirectionalLight SpatiallyLoaded:0 Bounds:IsValid=true, Min=(X=-1048576.000 Y=-1048576.000 Z=-1048576.000), Max=(X=1048576.000 Y=1048576.000 Z=1048576.000) RuntimeGrid:None EditorOnly:0 RuntimeOnly:0 HLODRelevant:0 FolderPath:Lighting FolderGuid:963EC3EB4002CCE9759E2EBA541A873A
 |   |   |- [+] [  6]
 |   |   |   |- Guid:316CF2A6494ACA4C0E4180A87D36AB8F BaseClass: NativeClass:/Script/Engine.ExponentialHeightFog Name:ExponentialHeightFog_0 Label:ExponentialHeightFog SpatiallyLoaded:0 Bounds:IsValid=true, Min=(X=-5600.000 Y=-50.000 Z=-6850.000), Max=(X=-5600.000 Y=-50.000 Z=-6850.000) RuntimeGrid:None EditorOnly:0 RuntimeOnly:0 HLODRelevant:0 FolderPath:Lighting FolderGuid:963EC3EB4002CCE9759E2EBA541A873A
 |   |   |- [+] [  7]
 |   |   |   |- Guid:2FB58999456391D349DC0F86DAC136ED BaseClass: NativeClass:/Script/Engine.SkyLight Name:SkyLight_1 Label:SkyLight SpatiallyLoaded:0 Bounds:IsValid=true, Min=(X=0.000 Y=0.000 Z=690.000), Max=(X=0.000 Y=0.000 Z=690.000) RuntimeGrid:None EditorOnly:0 RuntimeOnly:0 HLODRelevant:0 FolderPath:Lighting FolderGuid:963EC3EB4002CCE9759E2EBA541A873A
 |   |   |- [+] [  8]
 |   |   |   |- Guid:3A00AA1C422CE54C0BDB60BAF471BFBB BaseClass: NativeClass:/Script/Engine.PlayerStart Name:PlayerStart_0 Label:PlayerStart SpatiallyLoaded:0 Bounds:IsValid=true, Min=(X=-2180.000 Y=1070.000 Z=7470.013), Max=(X=-2100.000 Y=1150.000 Z=7654.013) RuntimeGrid:None EditorOnly:0 RuntimeOnly:0 HLODRelevant:0
 |   |   |- [+] [  9]
 |   |   |   |- Guid:0EA3FEEF4F151DB577C0A4969CFC271F BaseClass: NativeClass:/Script/Landscape.Landscape Name:Landscape_UAID_E4A8DFCF0912DEE901_1803712279 Label:Landscape SpatiallyLoaded:0 Bounds:IsValid=true, Min=(X=-12400.000 Y=-12400.000 Z=100.000), Max=(X=-12400.000 Y=-12400.000 Z=100.000) RuntimeGrid:None EditorOnly:0 RuntimeOnly:0 HLODRelevant:0
 |   |   |- [+] [ 10]
 |   |   |   |- Guid:D6CC413C4F180EC74F21ABBD8B4A7C86 BaseClass: NativeClass:/Script/Landscape.LandscapeStreamingProxy Name:LandscapeStreamingProxy_3M0H08D8DEWQ2U186C0E8JGUD_62_0_0_0 Label:LandscapeStreamingProxy_0_0_0 SpatiallyLoaded:1 Bounds:IsValid=true, Min=(X=-12400.000 Y=-12400.000 Z=-898.438), Max=(X=-6200.000 Y=-6200.000 Z=239.062) RuntimeGrid:None EditorOnly:0 RuntimeOnly:0 HLODRelevant:1
 |   |   |- [+] [ 11]
 |   |   |   |- Guid:7210CEDA4320C34CCC077FA477BEDF65 BaseClass: NativeClass:/Script/Landscape.LandscapeStreamingProxy Name:LandscapeStreamingProxy_3M0H08D8DEWQ2U186C0E8JGUD_62_1_0_0 Label:LandscapeStreamingProxy_1_0_0 SpatiallyLoaded:1 Bounds:IsValid=true, Min=(X=-6200.000 Y=-12400.000 Z=-625.781), Max=(X=0.000 Y=-6200.000 Z=910.938) RuntimeGrid:None EditorOnly:0 RuntimeOnly:0 HLODRelevant:1
 |   |   |- [+] [ 12]
 |   |   |   |- Guid:BC57685043341FAFD221D58C86CF12D3 BaseClass: NativeClass:/Script/Landscape.LandscapeStreamingProxy Name:LandscapeStreamingProxy_3M0H08D8DEWQ2U186C0E8JGUD_62_2_0_0 Label:LandscapeStreamingProxy_2_0_0 SpatiallyLoaded:1 Bounds:IsValid=true, Min=(X=0.000 Y=-12400.000 Z=-628.125), Max=(X=6200.000 Y=-6200.000 Z=1183.594) RuntimeGrid:None EditorOnly:0 RuntimeOnly:0 HLODRelevant:1
 |   |   |- [+] [ 13]
 |   |   |   |- Guid:71B5412647BDDBCAE1214B819CE487A1 BaseClass: NativeClass:/Script/Landscape.LandscapeStreamingProxy Name:LandscapeStreamingProxy_3M0H08D8DEWQ2U186C0E8JGUD_62_3_0_0 Label:LandscapeStreamingProxy_3_0_0 SpatiallyLoaded:1 Bounds:IsValid=true, Min=(X=6200.000 Y=-12400.000 Z=-1357.031), Max=(X=12400.000 Y=-6200.000 Z=104.688) RuntimeGrid:None EditorOnly:0 RuntimeOnly:0 HLODRelevant:1
 |   |   |- [+] [ 14]
 |   |   |   |- Guid:2953149844B2680C6F2CF8B464C5E4B6 BaseClass: NativeClass:/Script/Landscape.LandscapeStreamingProxy Name:LandscapeStreamingProxy_3M0H08D8DEWQ2U186C0E8JGUD_62_0_1_0 Label:LandscapeStreamingProxy_0_1_0 SpatiallyLoaded:1 Bounds:IsValid=true, Min=(X=-12400.000 Y=-6200.000 Z=-717.188), Max=(X=-6200.000 Y=0.000 Z=2316.406) RuntimeGrid:None EditorOnly:0 RuntimeOnly:0 HLODRelevant:1
 |   |   |- [+] [ 15]
 |   |   |   |- Guid:E0DF25764BC5AF559C70F3AFEE66B318 BaseClass: NativeClass:/Script/Landscape.LandscapeStreamingProxy Name:LandscapeStreamingProxy_3M0H08D8DEWQ2U186C0E8JGUD_62_1_1_0 Label:LandscapeStreamingProxy_1_1_0 SpatiallyLoaded:1 Bounds:IsValid=true, Min=(X=-6200.000 Y=-6200.000 Z=239.062), Max=(X=0.000 Y=0.000 Z=6035.938) RuntimeGrid:None EditorOnly:0 RuntimeOnly:0 HLODRelevant:1
 |   |   |- [+] [ 16]
 |   |   |   |- Guid:846F4DFB472DDFC10FF1D788A9804755 BaseClass: NativeClass:/Script/Landscape.LandscapeStreamingProxy Name:LandscapeStreamingProxy_3M0H08D8DEWQ2U186C0E8JGUD_62_2_1_0 Label:LandscapeStreamingProxy_2_1_0 SpatiallyLoaded:1 Bounds:IsValid=true, Min=(X=0.000 Y=-6200.000 Z=100.000), Max=(X=6200.000 Y=0.000 Z=4177.344) RuntimeGrid:None EditorOnly:0 RuntimeOnly:0 HLODRelevant:1
 |   |   |- [+] [ 17]
 |   |   |   |- Guid:B63644954F5792AE1DACF284BD77A96C BaseClass: NativeClass:/Script/Landscape.LandscapeStreamingProxy Name:LandscapeStreamingProxy_3M0H08D8DEWQ2U186C0E8JGUD_62_3_1_0 Label:LandscapeStreamingProxy_3_1_0 SpatiallyLoaded:1 Bounds:IsValid=true, Min=(X=6200.000 Y=-6200.000 Z=-610.156), Max=(X=12400.000 Y=0.000 Z=626.562) RuntimeGrid:None EditorOnly:0 RuntimeOnly:0 HLODRelevant:1
 |   |   |- [+] [ 18]
 |   |   |   |- Guid:A7161B4D48F977498F266CB7F6E7EF16 BaseClass: NativeClass:/Script/Landscape.LandscapeStreamingProxy Name:LandscapeStreamingProxy_3M0H08D8DEWQ2U186C0E8JGUD_62_0_2_0 Label:LandscapeStreamingProxy_0_2_0 SpatiallyLoaded:1 Bounds:IsValid=true, Min=(X=-12400.000 Y=0.000 Z=-337.500), Max=(X=-6200.000 Y=6200.000 Z=2504.688) RuntimeGrid:None EditorOnly:0 RuntimeOnly:0 HLODRelevant:1
 |   |   |- [+] [ 19]
 |   |   |   |- Guid:332EB7C34A17F6AE1F51CEB2B9D0D4B7 BaseClass: NativeClass:/Script/Landscape.LandscapeStreamingProxy Name:LandscapeStreamingProxy_3M0H08D8DEWQ2U186C0E8JGUD_62_1_2_0 Label:LandscapeStreamingProxy_1_2_0 SpatiallyLoaded:1 Bounds:IsValid=true, Min=(X=-6200.000 Y=0.000 Z=1092.188), Max=(X=0.000 Y=6200.000 Z=6674.219) RuntimeGrid:None EditorOnly:0 RuntimeOnly:0 HLODRelevant:1
 |   |   |- [+] [ 20]
 |   |   |   |- Guid:C7382CC645BDEA0FF6E533989DCE5962 BaseClass: NativeClass:/Script/Landscape.LandscapeStreamingProxy Name:LandscapeStreamingProxy_3M0H08D8DEWQ2U186C0E8JGUD_62_2_2_0 Label:LandscapeStreamingProxy_2_2_0 SpatiallyLoaded:1 Bounds:IsValid=true, Min=(X=0.000 Y=0.000 Z=281.250), Max=(X=6200.000 Y=6200.000 Z=6953.125) RuntimeGrid:None EditorOnly:0 RuntimeOnly:0 HLODRelevant:1
 |   |   |- [+] [ 21]
 |   |   |   |- Guid:3A46500943EDEDF0B968D78EAB2A93FF BaseClass: NativeClass:/Script/Landscape.LandscapeStreamingProxy Name:LandscapeStreamingProxy_3M0H08D8DEWQ2U186C0E8JGUD_62_3_2_0 Label:LandscapeStreamingProxy_3_2_0 SpatiallyLoaded:1 Bounds:IsValid=true, Min=(X=6200.000 Y=0.000 Z=-661.719), Max=(X=12400.000 Y=6200.000 Z=670.312) RuntimeGrid:None EditorOnly:0 RuntimeOnly:0 HLODRelevant:1
 |   |   |- [+] [ 22]
 |   |   |   |- Guid:7139F5814B65E348D97865B861243FB9 BaseClass: NativeClass:/Script/Landscape.LandscapeStreamingProxy Name:LandscapeStreamingProxy_3M0H08D8DEWQ2U186C0E8JGUD_62_0_3_0 Label:LandscapeStreamingProxy_0_3_0 SpatiallyLoaded:1 Bounds:IsValid=true, Min=(X=-12400.000 Y=6200.000 Z=-1316.406), Max=(X=-6200.000 Y=12400.000 Z=1092.188) RuntimeGrid:None EditorOnly:0 RuntimeOnly:0 HLODRelevant:1
 |   |   |- [+] [ 23]
 |   |   |   |- Guid:A895439240AEC4329BDA5190675A8716 BaseClass: NativeClass:/Script/Landscape.LandscapeStreamingProxy Name:LandscapeStreamingProxy_3M0H08D8DEWQ2U186C0E8JGUD_62_1_3_0 Label:LandscapeStreamingProxy_1_3_0 SpatiallyLoaded:1 Bounds:IsValid=true, Min=(X=-6200.000 Y=6200.000 Z=-508.594), Max=(X=0.000 Y=12400.000 Z=3082.812) RuntimeGrid:None EditorOnly:0 RuntimeOnly:0 HLODRelevant:1
 |   |   |- [+] [ 24]
 |   |   |   |- Guid:4D60B64B434193B197540E84610FB4B1 BaseClass: NativeClass:/Script/Landscape.LandscapeStreamingProxy Name:LandscapeStreamingProxy_3M0H08D8DEWQ2U186C0E8JGUD_62_2_3_0 Label:LandscapeStreamingProxy_2_3_0 SpatiallyLoaded:1 Bounds:IsValid=true, Min=(X=0.000 Y=6200.000 Z=-642.969), Max=(X=6200.000 Y=12400.000 Z=2011.719) RuntimeGrid:None EditorOnly:0 RuntimeOnly:0 HLODRelevant:1
 |   |   |- [+] [ 25]
 |   |   |   |- Guid:E575F52F45A3C91073947FBB0187D6FC BaseClass: NativeClass:/Script/Landscape.LandscapeStreamingProxy Name:LandscapeStreamingProxy_3M0H08D8DEWQ2U186C0E8JGUD_62_3_3_0 Label:LandscapeStreamingProxy_3_3_0 SpatiallyLoaded:1 Bounds:IsValid=true, Min=(X=6200.000 Y=6200.000 Z=-1339.062), Max=(X=12400.000 Y=12400.000 Z=281.250) RuntimeGrid:None EditorOnly:0 RuntimeOnly:0 HLODRelevant:1
 |   |   |- [+] [ 26]
 |   |   |   |- Guid:98C030054D25F9EBA81340A2B0334B23 BaseClass: NativeClass:/Script/Landscape.LandscapeStreamingProxy Name:LandscapeStreamingProxy_3M0H08D8DEWQ2U186C0E8JGUD_62_-1_0_0 Label:LandscapeStreamingProxy_-1_0_0 SpatiallyLoaded:1 Bounds:IsValid=true, Min=(X=-15500.000 Y=-9300.000 Z=-2194.531), Max=(X=-12400.000 Y=-6200.000 Z=-505.469) RuntimeGrid:None EditorOnly:0 RuntimeOnly:0 HLODRelevant:1
 |   |   |- [+] [ 27]
 |   |   |   |- Guid:1D58A7E143E15270210AD9B7891696A1 BaseClass: NativeClass:/Script/Landscape.LandscapeStreamingProxy Name:LandscapeStreamingProxy_3M0H08D8DEWQ2U186C0E8JGUD_62_-1_1_0 Label:LandscapeStreamingProxy_-1_1_0 SpatiallyLoaded:1 Bounds:IsValid=true, Min=(X=-15500.000 Y=-6200.000 Z=-1460.938), Max=(X=-12400.000 Y=0.000 Z=259.375) RuntimeGrid:None EditorOnly:0 RuntimeOnly:0 HLODRelevant:1
 |   |   |- [+] [ 28]
 |   |   |   |- Guid:BA98BCAC437AA62284A05BB8E367F084 BaseClass: NativeClass:/Script/Landscape.LandscapeStreamingProxy Name:LandscapeStreamingProxy_3M0H08D8DEWQ2U186C0E8JGUD_62_-1_2_0 Label:LandscapeStreamingProxy_-1_2_0 SpatiallyLoaded:1 Bounds:IsValid=true, Min=(X=-15500.000 Y=0.000 Z=-1263.281), Max=(X=-12400.000 Y=6200.000 Z=39.062) RuntimeGrid:None EditorOnly:0 RuntimeOnly:0 HLODRelevant:1
 |   |   |- [+] [ 29]
 |   |   |   |- Guid:C6308B3447A25C2D4747989D2762FFA4 BaseClass: NativeClass:/Script/Landscape.LandscapeStreamingProxy Name:LandscapeStreamingProxy_3M0H08D8DEWQ2U186C0E8JGUD_62_-1_3_0 Label:LandscapeStreamingProxy_-1_3_0 SpatiallyLoaded:1 Bounds:IsValid=true, Min=(X=-15500.000 Y=6200.000 Z=-1855.469), Max=(X=-12400.000 Y=9300.000 Z=-292.188) RuntimeGrid:None EditorOnly:0 RuntimeOnly:0 HLODRelevant:1
 |   |   |- [+] [ 30]
 |   |   |   |- Guid:272A7D164E02F893ABDE3ABF6CC32088 BaseClass: NativeClass:/Script/Landscape.LandscapeStreamingProxy Name:LandscapeStreamingProxy_3M0H08D8DEWQ2U186C0E8JGUD_62_4_0_0 Label:LandscapeStreamingProxy_4_0_0 SpatiallyLoaded:1 Bounds:IsValid=true, Min=(X=12400.000 Y=-9300.000 Z=-1582.812), Max=(X=15500.000 Y=-6200.000 Z=-250.781) RuntimeGrid:None EditorOnly:0 RuntimeOnly:0 HLODRelevant:1
 |   |   |- [+] [ 31]
 |   |   |   |- Guid:9DCF25114F929E88DB9C069DAB57CEC0 BaseClass: NativeClass:/Script/Landscape.LandscapeStreamingProxy Name:LandscapeStreamingProxy_3M0H08D8DEWQ2U186C0E8JGUD_62_4_1_0 Label:LandscapeStreamingProxy_4_1_0 SpatiallyLoaded:1 Bounds:IsValid=true, Min=(X=12400.000 Y=-6200.000 Z=-1228.125), Max=(X=15500.000 Y=0.000 Z=-53.906) RuntimeGrid:None EditorOnly:0 RuntimeOnly:0 HLODRelevant:1
 |   |   |- [+] [ 32]
 |   |   |   |- Guid:5194355B4BBD360BCC58F78E96ACE6CB BaseClass: NativeClass:/Script/Landscape.LandscapeStreamingProxy Name:LandscapeStreamingProxy_3M0H08D8DEWQ2U186C0E8JGUD_62_4_2_0 Label:LandscapeStreamingProxy_4_2_0 SpatiallyLoaded:1 Bounds:IsValid=true, Min=(X=12400.000 Y=0.000 Z=-912.500), Max=(X=15500.000 Y=6200.000 Z=-17.969) RuntimeGrid:None EditorOnly:0 RuntimeOnly:0 HLODRelevant:1
 |   |   |- [+] [ 33]
 |   |   |   |- Guid:129C7B094A5035FC16B88DAE561FB62F BaseClass: NativeClass:/Script/Landscape.LandscapeStreamingProxy Name:LandscapeStreamingProxy_3M0H08D8DEWQ2U186C0E8JGUD_62_5_2_0 Label:LandscapeStreamingProxy_5_2_0 SpatiallyLoaded:1 Bounds:IsValid=true, Min=(X=18600.000 Y=0.000 Z=100.000), Max=(X=18600.000 Y=0.000 Z=100.000) RuntimeGrid:None EditorOnly:0 RuntimeOnly:0 HLODRelevant:0
 |   |   |- [+] [ 34]
 |   |   |   |- Guid:E12E7B5C4004486816C8D4BD0082BCD4 BaseClass: NativeClass:/Script/Landscape.LandscapeStreamingProxy Name:LandscapeStreamingProxy_3M0H08D8DEWQ2U186C0E8JGUD_62_4_3_0 Label:LandscapeStreamingProxy_4_3_0 SpatiallyLoaded:1 Bounds:IsValid=true, Min=(X=12400.000 Y=6200.000 Z=-813.281), Max=(X=15500.000 Y=9300.000 Z=-302.344) RuntimeGrid:None EditorOnly:0 RuntimeOnly:0 HLODRelevant:1
 |   |   |- [+] [ 35]
 |   |   |   |- Guid:F541722E42D5A3FBFBFBB5A68A0B3E2A BaseClass: NativeClass:/Script/Landscape.LandscapeStreamingProxy Name:LandscapeStreamingProxy_3M0H08D8DEWQ2U186C0E8JGUD_62_3_4_0 Label:LandscapeStreamingProxy_3_4_0 SpatiallyLoaded:1 Bounds:IsValid=true, Min=(X=6200.000 Y=12400.000 Z=-2239.844), Max=(X=9300.000 Y=15500.000 Z=-594.531) RuntimeGrid:None EditorOnly:0 RuntimeOnly:0 HLODRelevant:1
 |   |   |- [+] [ 36]
 |   |   |   |- Guid:4DC1A86447AE6C0DE813A084BFD9FD81 BaseClass: NativeClass:/Script/Landscape.LandscapeStreamingProxy Name:LandscapeStreamingProxy_3M0H08D8DEWQ2U186C0E8JGUD_62_2_4_0 Label:LandscapeStreamingProxy_2_4_0 SpatiallyLoaded:1 Bounds:IsValid=true, Min=(X=0.000 Y=12400.000 Z=-1514.062), Max=(X=6200.000 Y=15500.000 Z=-147.656) RuntimeGrid:None EditorOnly:0 RuntimeOnly:0 HLODRelevant:1
 |   |   |- [+] [ 37]
 |   |   |   |- Guid:D0CCA6394794E56BBF575ABA32EBC5EF BaseClass: NativeClass:/Script/Landscape.LandscapeStreamingProxy Name:LandscapeStreamingProxy_3M0H08D8DEWQ2U186C0E8JGUD_62_1_4_0 Label:LandscapeStreamingProxy_1_4_0 SpatiallyLoaded:1 Bounds:IsValid=true, Min=(X=-6200.000 Y=12400.000 Z=-1712.500), Max=(X=0.000 Y=15500.000 Z=55.469) RuntimeGrid:None EditorOnly:0 RuntimeOnly:0 HLODRelevant:1
 |   |   |- [+] [ 38]
 |   |   |   |- Guid:570132A04108480E6DA25DB857D7C038 BaseClass: NativeClass:/Script/Landscape.LandscapeStreamingProxy Name:LandscapeStreamingProxy_3M0H08D8DEWQ2U186C0E8JGUD_62_0_4_0 Label:LandscapeStreamingProxy_0_4_0 SpatiallyLoaded:1 Bounds:IsValid=true, Min=(X=-9300.000 Y=12400.000 Z=-2189.062), Max=(X=-6200.000 Y=15500.000 Z=-77.344) RuntimeGrid:None EditorOnly:0 RuntimeOnly:0 HLODRelevant:1
 |   |   |- [+] [ 39]
 |   |   |   |- Guid:CDF81B3F4EEE3B955BCF249846634812 BaseClass: NativeClass:/Script/Landscape.LandscapeStreamingProxy Name:LandscapeStreamingProxy_3M0H08D8DEWQ2U186C0E8JGUD_62_1_-1_0 Label:LandscapeStreamingProxy_1_-1_0 SpatiallyLoaded:1 Bounds:IsValid=true, Min=(X=-6200.000 Y=-15500.000 Z=-1547.656), Max=(X=0.000 Y=-12400.000 Z=-96.875) RuntimeGrid:None EditorOnly:0 RuntimeOnly:0 HLODRelevant:1
 |   |   |- [+] [ 40]
 |   |   |   |- Guid:4FD5058E49FBFA2E4DAA61A5359F7F8D BaseClass: NativeClass:/Script/Landscape.LandscapeStreamingProxy Name:LandscapeStreamingProxy_3M0H08D8DEWQ2U186C0E8JGUD_62_2_-1_0 Label:LandscapeStreamingProxy_2_-1_0 SpatiallyLoaded:1 Bounds:IsValid=true, Min=(X=0.000 Y=-15500.000 Z=-1437.500), Max=(X=6200.000 Y=-12400.000 Z=-69.531) RuntimeGrid:None EditorOnly:0 RuntimeOnly:0 HLODRelevant:1
 |   |   |- [+] [ 41]
 |   |   |   |- Guid:4AE8C88B411E115562126FBF05301BFF BaseClass: NativeClass:/Script/Landscape.LandscapeStreamingProxy Name:LandscapeStreamingProxy_3M0H08D8DEWQ2U186C0E8JGUD_62_3_-1_0 Label:LandscapeStreamingProxy_3_-1_0 SpatiallyLoaded:1 Bounds:IsValid=true, Min=(X=6200.000 Y=-15500.000 Z=-1699.219), Max=(X=9300.000 Y=-12400.000 Z=-628.125) RuntimeGrid:None EditorOnly:0 RuntimeOnly:0 HLODRelevant:1
 |- ContainerInstances:
 |- [+] MainContainer:
 |   |-        ID: 0x0000000000000000
 |   |-    Bounds: IsValid=false, Min=(X=0.000 Y=0.000 Z=0.000), Max=(X=0.000 Y=0.000 Z=0.000)
 |   |- Transform: 0.000000,0.000000,0.000000|0.000000,0.000000,-0.000000|1.000000,1.000000,1.000000
 |   |- Container: /Game/ThirdPerson/Maps/ThirdPersonMap
----------------------------------------------------------------------------------------------------------------
ThirdPersonMap - Persistent Level
----------------------------------------------------------------------------------------------------------------
Always loaded Actor Count: 52 

----------------------------------------------------------------------------------------------------------------
ThirdPersonMap - Runtime Spatial Hash - Streaming Grid - MainGrid
----------------------------------------------------------------------------------------------------------------
            Origin: X=0.000 Y=0.000 Z=0.000
         Cell Size: 12800
      World Bounds: IsValid=false, Min=(X=0.000 Y=0.000 Z=0.000), Max=(X=0.000 Y=0.000 Z=0.000)
     Loading Range: 25600.00
Block Slow Loading: No
 ClientOnlyVisible: No

[+] Grid Levels: 1
 |- Level  0: Cell Count    0 | Cell Size   12800 | Actor Count    0 (0.0%)

[+] Content of Grid Level 0

